<?xml version="1.0" encoding="UTF-8"?>
<!-- Generated by org.testng.reporters.JUnitXMLReporter -->
<testsuite ignored="0" hostname="WINDOWS-U75SMGL" failures="0" tests="4" name="Default test" time="3.682" errors="0" timestamp="2023-07-07T03:39:13 EDT">
  <testcase classname="api.test.UserTest" name="testing_POST" time="2.375"/>
  <testcase classname="api.test.UserTest" name="testing_GET" time="0.33"/>
  <testcase classname="api.test.UserTest" name="testing_name_id_UPDATE" time="0.628"/>
  <testcase classname="api.test.UserTest" name="testing_DELETE" time="0.273"/>
</testsuite> <!-- Default test -->
