<?xml version="1.0" encoding="UTF-8"?>
<testng-results ignored="0" total="4" passed="4" failed="0" skipped="0">
  <reporter-output>
  </reporter-output>
  <suite started-at="2023-07-07T03:39:09 EDT" name="Default suite" finished-at="2023-07-07T03:39:13 EDT" duration-ms="3682">
    <groups>
    </groups>
    <test started-at="2023-07-07T03:39:09 EDT" name="Default test" finished-at="2023-07-07T03:39:13 EDT" duration-ms="3682">
      <class name="api.test.UserTest">
        <test-method is-config="true" signature="setupData()[pri:0, instance:api.test.UserTest@451001e5]" started-at="2023-07-07T03:39:09 EDT" name="setupData" finished-at="2023-07-07T03:39:09 EDT" duration-ms="15" status="PASS">
          <reporter-output>
          </reporter-output>
        </test-method> <!-- setupData -->
        <test-method signature="testing_POST()[pri:1, instance:api.test.UserTest@451001e5]" started-at="2023-07-07T03:39:09 EDT" name="testing_POST" finished-at="2023-07-07T03:39:12 EDT" duration-ms="2375" status="PASS">
          <reporter-output>
          </reporter-output>
        </test-method> <!-- testing_POST -->
        <test-method signature="testing_GET()[pri:2, instance:api.test.UserTest@451001e5]" started-at="2023-07-07T03:39:12 EDT" name="testing_GET" finished-at="2023-07-07T03:39:12 EDT" duration-ms="330" status="PASS">
          <reporter-output>
          </reporter-output>
        </test-method> <!-- testing_GET -->
        <test-method signature="testing_name_id_UPDATE()[pri:3, instance:api.test.UserTest@451001e5]" started-at="2023-07-07T03:39:12 EDT" name="testing_name_id_UPDATE" finished-at="2023-07-07T03:39:13 EDT" duration-ms="628" status="PASS">
          <reporter-output>
          </reporter-output>
        </test-method> <!-- testing_name_id_UPDATE -->
        <test-method signature="testing_DELETE()[pri:4, instance:api.test.UserTest@451001e5]" started-at="2023-07-07T03:39:13 EDT" name="testing_DELETE" finished-at="2023-07-07T03:39:13 EDT" duration-ms="273" status="PASS">
          <reporter-output>
          </reporter-output>
        </test-method> <!-- testing_DELETE -->
      </class> <!-- api.test.UserTest -->
    </test> <!-- Default test -->
  </suite> <!-- Default suite -->
</testng-results>
